build/app/intermediates/manifest_merge_blame_file/debug/manifest-merger-blame-debug-report.txt
1<?xml version="1.0" encoding="utf-8"?>
2<manifest xmlns:android="http://schemas.android.com/apk/res/android"
3    package="com.example.ss_consaltuncy"
4    android:versionCode="1"
5    android:versionName="1.0.0" >
6
7    <uses-sdk
8        android:minSdkVersion="21"
9        android:targetSdkVersion="35" />
10    <!--
11         The INTERNET permission is required for development. Specifically,
12         the Flutter tool needs it to communicate with the running application
13         to allow setting breakpoints, to provide hot reload, etc.
14    -->
15    <uses-permission android:name="android.permission.INTERNET" />
15-->src\debug\AndroidManifest.xml:6:5-66
15-->src\debug\AndroidManifest.xml:6:22-64
16    <uses-permission android:name="android.permission.WRITE_EXTERNAL_STORAGE" />
16-->src\main\AndroidManifest.xml:2:5-80
16-->src\main\AndroidManifest.xml:2:22-78
17    <uses-permission android:name="android.permission.READ_EXTERNAL_STORAGE" />
17-->src\main\AndroidManifest.xml:3:5-79
17-->src\main\AndroidManifest.xml:3:22-77
18    <!--
19 Required to query activities that can process text, see:
20         https://developer.android.com/training/package-visibility and
21         https://developer.android.com/reference/android/content/Intent#ACTION_PROCESS_TEXT.
22
23         In particular, this is used by the Flutter engine in io.flutter.plugin.text.ProcessTextPlugin.
24    -->
25    <queries>
25-->src\main\AndroidManifest.xml:41:5-46:15
26        <intent>
26-->src\main\AndroidManifest.xml:42:9-45:18
27            <action android:name="android.intent.action.PROCESS_TEXT" />
27-->src\main\AndroidManifest.xml:43:13-72
27-->src\main\AndroidManifest.xml:43:21-70
28
29            <data android:mimeType="text/plain" />
29-->src\main\AndroidManifest.xml:44:13-50
29-->src\main\AndroidManifest.xml:44:19-48
30        </intent>
31    </queries>
32
33    <permission
33-->[androidx.core:core:1.13.1] AndroidManifest.xml:22:5-24:47
34        android:name="com.example.ss_consaltuncy.DYNAMIC_RECEIVER_NOT_EXPORTED_PERMISSION"
34-->[androidx.core:core:1.13.1] AndroidManifest.xml:23:9-81
35        android:protectionLevel="signature" />
35-->[androidx.core:core:1.13.1] AndroidManifest.xml:24:9-44
36
37    <uses-permission android:name="com.example.ss_consaltuncy.DYNAMIC_RECEIVER_NOT_EXPORTED_PERMISSION" />
37-->[androidx.core:core:1.13.1] AndroidManifest.xml:26:5-97
37-->[androidx.core:core:1.13.1] AndroidManifest.xml:26:22-94
38
39    <application
40        android:name="android.app.Application"
41        android:appComponentFactory="androidx.core.app.CoreComponentFactory"
41-->[androidx.core:core:1.13.1] AndroidManifest.xml:28:18-86
42        android:debuggable="true"
43        android:extractNativeLibs="true"
44        android:icon="@mipmap/ic_launcher"
45        android:label="ss_consaltuncy" >
46        <activity
47            android:name="com.example.ss_consaltuncy.MainActivity"
48            android:configChanges="orientation|keyboardHidden|keyboard|screenSize|smallestScreenSize|locale|layoutDirection|fontScale|screenLayout|density|uiMode"
49            android:exported="true"
50            android:hardwareAccelerated="true"
51            android:launchMode="singleTop"
52            android:taskAffinity=""
53            android:theme="@style/LaunchTheme"
54            android:windowSoftInputMode="adjustResize" >
55
56            <!--
57                 Specifies an Android theme to apply to this Activity as soon as
58                 the Android process has started. This theme is visible to the user
59                 while the Flutter UI initializes. After that, this theme continues
60                 to determine the Window background behind the Flutter UI.
61            -->
62            <meta-data
63                android:name="io.flutter.embedding.android.NormalTheme"
64                android:resource="@style/NormalTheme" />
65
66            <intent-filter>
67                <action android:name="android.intent.action.MAIN" />
68
69                <category android:name="android.intent.category.LAUNCHER" />
70            </intent-filter>
71        </activity>
72        <!--
73             Don't delete the meta-data below.
74             This is used by the Flutter tool to generate GeneratedPluginRegistrant.java
75        -->
76        <meta-data
77            android:name="flutterEmbedding"
78            android:value="2" />
79
80        <provider
80-->[:printing] AndroidManifest.xml:8:9-16:20
81            android:name="net.nfet.flutter.printing.PrintFileProvider"
81-->[:printing] AndroidManifest.xml:9:13-71
82            android:authorities="com.example.ss_consaltuncy.flutter.printing"
82-->[:printing] AndroidManifest.xml:10:13-68
83            android:exported="false"
83-->[:printing] AndroidManifest.xml:11:13-37
84            android:grantUriPermissions="true" >
84-->[:printing] AndroidManifest.xml:12:13-47
85            <meta-data
85-->[:printing] AndroidManifest.xml:13:13-15:71
86                android:name="android.support.FILE_PROVIDER_PATHS"
86-->[:printing] AndroidManifest.xml:14:17-67
87                android:resource="@xml/flutter_printing_file_paths" />
87-->[:printing] AndroidManifest.xml:15:17-68
88        </provider>
89
90        <uses-library
90-->[androidx.window:window:1.2.0] AndroidManifest.xml:23:9-25:40
91            android:name="androidx.window.extensions"
91-->[androidx.window:window:1.2.0] AndroidManifest.xml:24:13-54
92            android:required="false" />
92-->[androidx.window:window:1.2.0] AndroidManifest.xml:25:13-37
93        <uses-library
93-->[androidx.window:window:1.2.0] AndroidManifest.xml:26:9-28:40
94            android:name="androidx.window.sidecar"
94-->[androidx.window:window:1.2.0] AndroidManifest.xml:27:13-51
95            android:required="false" />
95-->[androidx.window:window:1.2.0] AndroidManifest.xml:28:13-37
96
97        <provider
97-->[androidx.lifecycle:lifecycle-process:2.7.0] AndroidManifest.xml:24:9-32:20
98            android:name="androidx.startup.InitializationProvider"
98-->[androidx.lifecycle:lifecycle-process:2.7.0] AndroidManifest.xml:25:13-67
99            android:authorities="com.example.ss_consaltuncy.androidx-startup"
99-->[androidx.lifecycle:lifecycle-process:2.7.0] AndroidManifest.xml:26:13-68
100            android:exported="false" >
100-->[androidx.lifecycle:lifecycle-process:2.7.0] AndroidManifest.xml:27:13-37
101            <meta-data
101-->[androidx.lifecycle:lifecycle-process:2.7.0] AndroidManifest.xml:29:13-31:52
102                android:name="androidx.lifecycle.ProcessLifecycleInitializer"
102-->[androidx.lifecycle:lifecycle-process:2.7.0] AndroidManifest.xml:30:17-78
103                android:value="androidx.startup" />
103-->[androidx.lifecycle:lifecycle-process:2.7.0] AndroidManifest.xml:31:17-49
104            <meta-data
104-->[androidx.profileinstaller:profileinstaller:1.3.1] AndroidManifest.xml:29:13-31:52
105                android:name="androidx.profileinstaller.ProfileInstallerInitializer"
105-->[androidx.profileinstaller:profileinstaller:1.3.1] AndroidManifest.xml:30:17-85
106                android:value="androidx.startup" />
106-->[androidx.profileinstaller:profileinstaller:1.3.1] AndroidManifest.xml:31:17-49
107        </provider>
108
109        <receiver
109-->[androidx.profileinstaller:profileinstaller:1.3.1] AndroidManifest.xml:34:9-52:20
110            android:name="androidx.profileinstaller.ProfileInstallReceiver"
110-->[androidx.profileinstaller:profileinstaller:1.3.1] AndroidManifest.xml:35:13-76
111            android:directBootAware="false"
111-->[androidx.profileinstaller:profileinstaller:1.3.1] AndroidManifest.xml:36:13-44
112            android:enabled="true"
112-->[androidx.profileinstaller:profileinstaller:1.3.1] AndroidManifest.xml:37:13-35
113            android:exported="true"
113-->[androidx.profileinstaller:profileinstaller:1.3.1] AndroidManifest.xml:38:13-36
114            android:permission="android.permission.DUMP" >
114-->[androidx.profileinstaller:profileinstaller:1.3.1] AndroidManifest.xml:39:13-57
115            <intent-filter>
115-->[androidx.profileinstaller:profileinstaller:1.3.1] AndroidManifest.xml:40:13-42:29
116                <action android:name="androidx.profileinstaller.action.INSTALL_PROFILE" />
116-->[androidx.profileinstaller:profileinstaller:1.3.1] AndroidManifest.xml:41:17-91
116-->[androidx.profileinstaller:profileinstaller:1.3.1] AndroidManifest.xml:41:25-88
117            </intent-filter>
118            <intent-filter>
118-->[androidx.profileinstaller:profileinstaller:1.3.1] AndroidManifest.xml:43:13-45:29
119                <action android:name="androidx.profileinstaller.action.SKIP_FILE" />
119-->[androidx.profileinstaller:profileinstaller:1.3.1] AndroidManifest.xml:44:17-85
119-->[androidx.profileinstaller:profileinstaller:1.3.1] AndroidManifest.xml:44:25-82
120            </intent-filter>
121            <intent-filter>
121-->[androidx.profileinstaller:profileinstaller:1.3.1] AndroidManifest.xml:46:13-48:29
122                <action android:name="androidx.profileinstaller.action.SAVE_PROFILE" />
122-->[androidx.profileinstaller:profileinstaller:1.3.1] AndroidManifest.xml:47:17-88
122-->[androidx.profileinstaller:profileinstaller:1.3.1] AndroidManifest.xml:47:25-85
123            </intent-filter>
124            <intent-filter>
124-->[androidx.profileinstaller:profileinstaller:1.3.1] AndroidManifest.xml:49:13-51:29
125                <action android:name="androidx.profileinstaller.action.BENCHMARK_OPERATION" />
125-->[androidx.profileinstaller:profileinstaller:1.3.1] AndroidManifest.xml:50:17-95
125-->[androidx.profileinstaller:profileinstaller:1.3.1] AndroidManifest.xml:50:25-92
126            </intent-filter>
127        </receiver>
128    </application>
129
130</manifest>